170 Source choice: Keppler_Split_Perc
170 Source choice: Keppler_Split_Perc
174 Fetched rows: 4929
170 Source choice: Keppler_Split_Perc
  Stopping...
  Stopping...
Initiating login request with your identity provider. A browser window should have opened for you to complete the login. If you can't see it, check existing browser windows, or your OS settings. Press CTRL+C to abort and try again...
Going to open: https://chewy.okta.com/app/snowflake/exkmzig18yW58r3j00x7/sso/saml?SAMLRequest=lZJfb9owFMW%2FSuQ9J3ZgWYsFVAyGykYLAjo23lznAh6Jnfk6BPrp5%2FBn6h5aaZIfLPsc%2F67vue27Q54Fe7CojO6QOGIkAC1NqvSmQ54Ww%2FCWBOiETkVmNHTIEZDcddso8qzgvdJt9Qx%2Bl4Au8A9p5PVFh5RWcyNQIdciB%2BRO8nnvYcwbEeMCEazzOHKxpKg8a%2BtcwSmtqiqqmpGxG9pgjFHWol5VSz6QV4jifUZhjTPSZFfLwf%2FpDURM2cca4RWeML0YPyt9bsF7lOezCPn9YjENp5P5ggS96%2B%2F6RmOZg52D3SsJT7PxuQD0FfTvvyx%2FRiWGINCFcYTaVOtM7ECavCidfzPyO7qGlGZmo3ynRoMOKXYqbU5Ec5UMX2JZOvGtSo97OXfyMX2erJawGf9Ys1Y12%2Fe%2FmtlIkuD7NddGnesIsYSRrtN0%2Fog1kjCO%2FVrELZ40eZJEn24aKxIMfJpKC3dyXkuWW6iOkdk5cSpNFAX9WzWFwy5%2FUZv49rhMbm3zF2OHG4poaB0VOU8LP%2BFt9%2F960KavvZexe%2FRJjAZTkyl5DIbG5sK9HVQcxacTlYbrk5RDLlTWS1MLiD6wLDNV34JwfrqdLYHQ7pn673x3%2FwA%3D&RelayState=ver%3A1-hint%3A176115358663054-ETMsDgAAAZp0e2bYABRBRVMvQ0JDL1BLQ1M1UGFkZGluZwEAABAAELDd3dDkx%2F%2FmBd8QXwTqk18AAACQM7z%2BE1%2FVmGZ7C1MccZUYgcViPdt7lP%2FS94vGqAkrpC7NQuN8cvYKW2ZZX%2Bi%2FAjKXnFhp09XCj%2BToQGb%2FiCbvqDpO0lHyxOge4RabSk1%2Fy4cxufBZBx2muWcwtr5JWFWX12zP6vq7Nbn9WenJUYuxStzDYN32K2%2FXn7qL9ZNIvF6FyhNrco6kUXUPdL34us4dABRWAAJ6tsudczCDjaQRB8iRjh%2Bx0A%3D%3D to authenticate...
  Stopping...
  Stopping...
Initiating login request with your identity provider. A browser window should have opened for you to complete the login. If you can't see it, check existing browser windows, or your OS settings. Press CTRL+C to abort and try again...
Going to open: https://chewy.okta.com/app/snowflake/exkmzig18yW58r3j00x7/sso/saml?SAMLRequest=lZJfb9owFMW%2FSuQ9J45TUqgFVAzGQCptBOnQ9uYmF%2FBI7MzXaWCffg5%2Fpu6hlfYWOef4d3zP7d8fysJ7BYNSqwFhQUg8UJnOpdoOyHM69XvEQytULgqtYECOgOR%2B2EdRFhUf1XanlvCrBrSeu0ghb38MSG0U1wIlciVKQG4zvhotHngUhFwggrEORy6WHKVj7aytOKVN0wTNTaDNlkZhGNLwjjpVK%2FlE3iCqjxmV0VZnurhaDu5N7yAYDTstwikcIbkYP0t1HsFHlJezCPksTRM%2FeVqlxBtdXzfWCusSzArMq8zgeflwDoAuwXj2Zf09qNEHgdZnASrdbAqxh0yXVW3dnYH7ohvIaaG30k1qPhmQai%2Fz%2BilWU7bOxf4u1pB0YTVbptH0NrTia9a9XeFitEheUhFtFxnxvl17jdpe54g1zFXbpnVHYRT7jPksSkPGoy5ncdCJOz%2BIN3FtSiXsyXmNnO2gOQZ6b8Upmqgq%2Bjc1hcO%2B%2FC23rHdcxz1z8zMMD12KqGlbFTlvCz%2FhzfD%2FZtCnb72XtXt0TcwniS5kdvSm2pTCvl8UC9jpROb%2B5iTlUApZjPLcAKIrrCh0MzYgrNtua2ogdHim%2Frvfwz8%3D&RelayState=ver%3A1-hint%3A176115358663054-ETMsDgAAAZp1rJL%2BABRBRVMvQ0JDL1BLQ1M1UGFkZGluZwEAABAAEKcAo8xGKWwZUT8jf9hWrlIAAACQVB4K9SGcOuwMJPmzBOFp4jCKEVVZr832l4JlqBzi1EFPIZRPdfz7YuVhV3%2FyKgM%2FCnALSkf0cEUSHfr5tg7spk1N550TGsdL0yLXiJeKiP6QB7gjvyjF6Cy2Ckfjs2800iZP%2B9mImfBbBT4FhN%2FiZoaJCj7A6BATcaj85CIm7f%2FZb65NBDfVHuf%2F5m9R11jbABSC5VGYJ8mhWVI5Czwxtn2ScHBnng%3D%3D to authenticate...
  Stopping...
  Stopping...
  Stopping...
  Stopping...
  Stopping...
  Stopping...
  Stopping...
  Stopping...
  Stopping...
  Stopping...
  Stopping...
  Stopping...
  Stopping...
  Stopping...
  Stopping...
  Stopping...
  Stopping...
  Stopping...
  Stopping...
  Stopping...
  Stopping...
  Stopping...
  Stopping...
  Stopping...
  Stopping...
  Stopping...
  Stopping...
  Stopping...
  Stopping...
  Stopping...
  Stopping...
  Stopping...
  Stopping...
  Stopping...
